<?xml version="1.0" encoding="UTF-8"?><testsuite errors="0" failures="1" name="Choosing a flight" skipped="0" tests="1" time="139.97" timestamp="2018-12-03 08:59:30"><testcase name="find the flight"><failure message="Expected enabled element was not enabled" type="net.thucydides.core.webdriver.exceptions.ElementShouldBeEnabledException">Expected enabled element was not enabled</failure><system-err>Expected enabled element was not enabled&#13;
com.despegar.certification.despegar.tasks.GoTo.performAs(GoTo.java:41)&#13;
com.despegar.certification.despegar.stepdefinitions.FindYourFlightStepDefinitions.heChooseTheOriginAndDestinyCity(FindYourFlightStepDefinitions.java:50)&#13;
cucumber.runner.Runner.runPickle(Runner.java:80)&#13;
org.eclipse.jdt.internal.junit4.runner.JUnit4TestReference.run(JUnit4TestReference.java:86)&#13;
org.eclipse.jdt.internal.junit.runner.TestExecution.run(TestExecution.java:38)&#13;
org.eclipse.jdt.internal.junit.runner.RemoteTestRunner.runTests(RemoteTestRunner.java:538)&#13;
org.eclipse.jdt.internal.junit.runner.RemoteTestRunner.runTests(RemoteTestRunner.java:760)&#13;
org.eclipse.jdt.internal.junit.runner.RemoteTestRunner.run(RemoteTestRunner.java:460)&#13;
org.eclipse.jdt.internal.junit.runner.RemoteTestRunner.main(RemoteTestRunner.java:206)&#13;
</system-err></testcase></testsuite>